<?xml version="1.0" encoding="utf-8"?><testsuites><testsuite name="pytest" errors="0" failures="0" skipped="0" tests="5" time="6.424" timestamp="2024-02-28T23:20:10.903822" hostname="Patrons-Air"><testcase classname="tests.test_analyzed_song" name="test_init" time="0.001" /><testcase classname="tests.test_audio_analyzer" name="test_init" time="0.000" /><testcase classname="tests.test_audio_analyzer" name="test_frequencies_to_note_name" time="0.000" /><testcase classname="tests.test_song" name="test_init" time="0.000" /><testcase classname="tests.test_song" name="test_audio_to_frequency" time="0.000" /></testsuite></testsuites>